INFO: [SIM 2] *************** CSIM start ***************
INFO: [SIM 4] CSIM will launch GCC as the compiler.
make: `csim.exe' is up to date.
Processing event #: 0
200
524443
59885701
524369
59885644
59885636
119537730
116794
116787
59885613
641064
59768871
119537703
59768869
116773
59768868
120178723
180879395
size:2
-56
-101
-123
81
76
68
66
58
51
-0.387695
score:	-0.387695
45
40
39
39
37
37
36
35
35
-0.46875
score:	-0.46875
INFO: [SIM 1] CSim done with 0 errors.
INFO: [SIM 3] *************** CSIM finish ***************
