

================================================================
== Vivado HLS Report for 'decision_function_1'
================================================================
* Date:           Thu Oct 24 15:19:08 2019

* Version:        2018.2 (Build 2258646 on Thu Jun 14 20:25:20 MDT 2018)
* Project:        hls_taus
* Solution:       solution1
* Product family: virtex7
* Target device:  xc7vx690tffg1927-2


================================================================
== Performance Estimates
================================================================
+ Timing (ns): 
    * Summary: 
    +--------+-------+----------+------------+
    |  Clock | Target| Estimated| Uncertainty|
    +--------+-------+----------+------------+
    |ap_clk  |   4.12|     3.582|        0.51|
    +--------+-------+----------+------------+

+ Latency (clock cycles): 
    * Summary: 
    +-----+-----+-----+-----+----------+
    |  Latency  |  Interval | Pipeline |
    | min | max | min | max |   Type   |
    +-----+-----+-----+-----+----------+
    |   20|   20|    1|    1| function |
    +-----+-----+-----+-----+----------+

    + Detail: 
        * Instance: 
        +--------------------------------+-------------------+-----+-----+-----+-----+----------+
        |                                |                   |  Latency  |  Interval | Pipeline |
        |            Instance            |       Module      | min | max | min | max |   Type   |
        +--------------------------------+-------------------+-----+-----+-----+-----+----------+
        |grp_decision_function_fu_536    |decision_function  |    9|    9|    1|    1| function |
        |grp_decision_function_fu_682    |decision_function  |    9|    9|    1|    1| function |
        |grp_decision_function_fu_828    |decision_function  |    9|    9|    1|    1| function |
        |grp_decision_function_fu_974    |decision_function  |    9|    9|    1|    1| function |
        |grp_decision_function_fu_1120   |decision_function  |    9|    9|    1|    1| function |
        |grp_decision_function_fu_1266   |decision_function  |    9|    9|    1|    1| function |
        |grp_decision_function_fu_1412   |decision_function  |    9|    9|    1|    1| function |
        |grp_decision_function_fu_1558   |decision_function  |    9|    9|    1|    1| function |
        |grp_decision_function_fu_1704   |decision_function  |    9|    9|    1|    1| function |
        |grp_decision_function_fu_1850   |decision_function  |    9|    9|    1|    1| function |
        |grp_decision_function_fu_1996   |decision_function  |    9|    9|    1|    1| function |
        |grp_decision_function_fu_2133   |decision_function  |    9|    9|    1|    1| function |
        |grp_decision_function_fu_2270   |decision_function  |    9|    9|    1|    1| function |
        |grp_decision_function_fu_2407   |decision_function  |    9|    9|    1|    1| function |
        |grp_decision_function_fu_2544   |decision_function  |    9|    9|    1|    1| function |
        |grp_decision_function_fu_2681   |decision_function  |    9|    9|    1|    1| function |
        |grp_decision_function_fu_2818   |decision_function  |    9|    9|    1|    1| function |
        |grp_decision_function_fu_2955   |decision_function  |    9|    9|    1|    1| function |
        |grp_decision_function_fu_3092   |decision_function  |    9|    9|    1|    1| function |
        |grp_decision_function_fu_3229   |decision_function  |    9|    9|    1|    1| function |
        |grp_decision_function_fu_3366   |decision_function  |    9|    9|    1|    1| function |
        |grp_decision_function_fu_3503   |decision_function  |    9|    9|    1|    1| function |
        |grp_decision_function_fu_3640   |decision_function  |    9|    9|    1|    1| function |
        |grp_decision_function_fu_3777   |decision_function  |    9|    9|    1|    1| function |
        |grp_decision_function_fu_3914   |decision_function  |    9|    9|    1|    1| function |
        |grp_decision_function_fu_4051   |decision_function  |    9|    9|    1|    1| function |
        |grp_decision_function_fu_4188   |decision_function  |    9|    9|    1|    1| function |
        |grp_decision_function_fu_4325   |decision_function  |    9|    9|    1|    1| function |
        |grp_decision_function_fu_4462   |decision_function  |    9|    9|    1|    1| function |
        |grp_decision_function_fu_4599   |decision_function  |    9|    9|    1|    1| function |
        |grp_decision_function_fu_4736   |decision_function  |    9|    9|    1|    1| function |
        |grp_decision_function_fu_4873   |decision_function  |    9|    9|    1|    1| function |
        |grp_decision_function_fu_5010   |decision_function  |    9|    9|    1|    1| function |
        |grp_decision_function_fu_5147   |decision_function  |    9|    9|    1|    1| function |
        |grp_decision_function_fu_5284   |decision_function  |    9|    9|    1|    1| function |
        |grp_decision_function_fu_5421   |decision_function  |    9|    9|    1|    1| function |
        |grp_decision_function_fu_5558   |decision_function  |    9|    9|    1|    1| function |
        |grp_decision_function_fu_5695   |decision_function  |    9|    9|    1|    1| function |
        |grp_decision_function_fu_5832   |decision_function  |    9|    9|    1|    1| function |
        |grp_decision_function_fu_5969   |decision_function  |    9|    9|    1|    1| function |
        |grp_decision_function_fu_6106   |decision_function  |    9|    9|    1|    1| function |
        |grp_decision_function_fu_6243   |decision_function  |    9|    9|    1|    1| function |
        |grp_decision_function_fu_6380   |decision_function  |    9|    9|    1|    1| function |
        |grp_decision_function_fu_6517   |decision_function  |    9|    9|    1|    1| function |
        |grp_decision_function_fu_6654   |decision_function  |    9|    9|    1|    1| function |
        |grp_decision_function_fu_6791   |decision_function  |    9|    9|    1|    1| function |
        |grp_decision_function_fu_6928   |decision_function  |    9|    9|    1|    1| function |
        |grp_decision_function_fu_7065   |decision_function  |    9|    9|    1|    1| function |
        |grp_decision_function_fu_7202   |decision_function  |    9|    9|    1|    1| function |
        |grp_decision_function_fu_7339   |decision_function  |    9|    9|    1|    1| function |
        |grp_decision_function_fu_7476   |decision_function  |    9|    9|    1|    1| function |
        |grp_decision_function_fu_7613   |decision_function  |    9|    9|    1|    1| function |
        |grp_decision_function_fu_7750   |decision_function  |    9|    9|    1|    1| function |
        |grp_decision_function_fu_7887   |decision_function  |    9|    9|    1|    1| function |
        |grp_decision_function_fu_8024   |decision_function  |    9|    9|    1|    1| function |
        |grp_decision_function_fu_8161   |decision_function  |    9|    9|    1|    1| function |
        |grp_decision_function_fu_8298   |decision_function  |    9|    9|    1|    1| function |
        |grp_decision_function_fu_8435   |decision_function  |    9|    9|    1|    1| function |
        |grp_decision_function_fu_8572   |decision_function  |    9|    9|    1|    1| function |
        |grp_decision_function_fu_8709   |decision_function  |    9|    9|    1|    1| function |
        |grp_decision_function_fu_8846   |decision_function  |    9|    9|    1|    1| function |
        |grp_decision_function_fu_8983   |decision_function  |    9|    9|    1|    1| function |
        |grp_decision_function_fu_9120   |decision_function  |    9|    9|    1|    1| function |
        |grp_decision_function_fu_9257   |decision_function  |    9|    9|    1|    1| function |
        |grp_decision_function_fu_9394   |decision_function  |    9|    9|    1|    1| function |
        |grp_decision_function_fu_9531   |decision_function  |    9|    9|    1|    1| function |
        |grp_decision_function_fu_9668   |decision_function  |    9|    9|    1|    1| function |
        |grp_decision_function_fu_9805   |decision_function  |    9|    9|    1|    1| function |
        |grp_decision_function_fu_9942   |decision_function  |    9|    9|    1|    1| function |
        |grp_decision_function_fu_10079  |decision_function  |    9|    9|    1|    1| function |
        |grp_decision_function_fu_10216  |decision_function  |    9|    9|    1|    1| function |
        |grp_decision_function_fu_10353  |decision_function  |    9|    9|    1|    1| function |
        |grp_decision_function_fu_10490  |decision_function  |    9|    9|    1|    1| function |
        |grp_decision_function_fu_10627  |decision_function  |    9|    9|    1|    1| function |
        |grp_decision_function_fu_10764  |decision_function  |    9|    9|    1|    1| function |
        |grp_decision_function_fu_10901  |decision_function  |    9|    9|    1|    1| function |
        |grp_decision_function_fu_11038  |decision_function  |    9|    9|    1|    1| function |
        |grp_decision_function_fu_11175  |decision_function  |    9|    9|    1|    1| function |
        |grp_decision_function_fu_11312  |decision_function  |    9|    9|    1|    1| function |
        |grp_decision_function_fu_11449  |decision_function  |    9|    9|    1|    1| function |
        |grp_decision_function_fu_11586  |decision_function  |    9|    9|    1|    1| function |
        |grp_decision_function_fu_11723  |decision_function  |    9|    9|    1|    1| function |
        |grp_decision_function_fu_11860  |decision_function  |    9|    9|    1|    1| function |
        |grp_decision_function_fu_11997  |decision_function  |    9|    9|    1|    1| function |
        |grp_decision_function_fu_12134  |decision_function  |    9|    9|    1|    1| function |
        |grp_decision_function_fu_12271  |decision_function  |    9|    9|    1|    1| function |
        |grp_decision_function_fu_12408  |decision_function  |    9|    9|    1|    1| function |
        |grp_decision_function_fu_12545  |decision_function  |    9|    9|    1|    1| function |
        |grp_decision_function_fu_12682  |decision_function  |    9|    9|    1|    1| function |
        |grp_decision_function_fu_12819  |decision_function  |    9|    9|    1|    1| function |
        |grp_decision_function_fu_12956  |decision_function  |    9|    9|    1|    1| function |
        |grp_decision_function_fu_13093  |decision_function  |    9|    9|    1|    1| function |
        |grp_decision_function_fu_13230  |decision_function  |    9|    9|    1|    1| function |
        |grp_decision_function_fu_13367  |decision_function  |    9|    9|    1|    1| function |
        |grp_decision_function_fu_13504  |decision_function  |    9|    9|    1|    1| function |
        |grp_decision_function_fu_13641  |decision_function  |    9|    9|    1|    1| function |
        |grp_decision_function_fu_13778  |decision_function  |    9|    9|    1|    1| function |
        |grp_decision_function_fu_13915  |decision_function  |    9|    9|    1|    1| function |
        |grp_decision_function_fu_14052  |decision_function  |    9|    9|    1|    1| function |
        |grp_decision_function_fu_14189  |decision_function  |    9|    9|    1|    1| function |
        |grp_decision_function_fu_14326  |decision_function  |    9|    9|    1|    1| function |
        |grp_decision_function_fu_14463  |decision_function  |    9|    9|    1|    1| function |
        |grp_decision_function_fu_14600  |decision_function  |    9|    9|    1|    1| function |
        |grp_decision_function_fu_14737  |decision_function  |    9|    9|    1|    1| function |
        |grp_decision_function_fu_14874  |decision_function  |    9|    9|    1|    1| function |
        |grp_decision_function_fu_15011  |decision_function  |    9|    9|    1|    1| function |
        |grp_decision_function_fu_15148  |decision_function  |    9|    9|    1|    1| function |
        |grp_decision_function_fu_15285  |decision_function  |    9|    9|    1|    1| function |
        |grp_decision_function_fu_15422  |decision_function  |    9|    9|    1|    1| function |
        |grp_decision_function_fu_15559  |decision_function  |    9|    9|    1|    1| function |
        |grp_decision_function_fu_15696  |decision_function  |    9|    9|    1|    1| function |
        |grp_decision_function_fu_15833  |decision_function  |    9|    9|    1|    1| function |
        |grp_decision_function_fu_15970  |decision_function  |    9|    9|    1|    1| function |
        |grp_decision_function_fu_16107  |decision_function  |    9|    9|    1|    1| function |
        |grp_decision_function_fu_16244  |decision_function  |    9|    9|    1|    1| function |
        |grp_decision_function_fu_16381  |decision_function  |    9|    9|    1|    1| function |
        |grp_decision_function_fu_16518  |decision_function  |    9|    9|    1|    1| function |
        |grp_decision_function_fu_16655  |decision_function  |    9|    9|    1|    1| function |
        |grp_decision_function_fu_16792  |decision_function  |    9|    9|    1|    1| function |
        |grp_decision_function_fu_16929  |decision_function  |    9|    9|    1|    1| function |
        |grp_decision_function_fu_17066  |decision_function  |    9|    9|    1|    1| function |
        |grp_decision_function_fu_17203  |decision_function  |    9|    9|    1|    1| function |
        |grp_decision_function_fu_17340  |decision_function  |    9|    9|    1|    1| function |
        |grp_decision_function_fu_17477  |decision_function  |    9|    9|    1|    1| function |
        |grp_decision_function_fu_17614  |decision_function  |    9|    9|    1|    1| function |
        |grp_decision_function_fu_17751  |decision_function  |    9|    9|    1|    1| function |
        |grp_decision_function_fu_17888  |decision_function  |    9|    9|    1|    1| function |
        |grp_decision_function_fu_18025  |decision_function  |    9|    9|    1|    1| function |
        |grp_decision_function_fu_18162  |decision_function  |    9|    9|    1|    1| function |
        |grp_decision_function_fu_18299  |decision_function  |    9|    9|    1|    1| function |
        |grp_decision_function_fu_18436  |decision_function  |    9|    9|    1|    1| function |
        |grp_decision_function_fu_18573  |decision_function  |    9|    9|    1|    1| function |
        |grp_decision_function_fu_18710  |decision_function  |    9|    9|    1|    1| function |
        |grp_decision_function_fu_18847  |decision_function  |    9|    9|    1|    1| function |
        |grp_decision_function_fu_18984  |decision_function  |    9|    9|    1|    1| function |
        |grp_decision_function_fu_19121  |decision_function  |    9|    9|    1|    1| function |
        |grp_decision_function_fu_19258  |decision_function  |    9|    9|    1|    1| function |
        |grp_decision_function_fu_19395  |decision_function  |    9|    9|    1|    1| function |
        |grp_decision_function_fu_19532  |decision_function  |    9|    9|    1|    1| function |
        |grp_decision_function_fu_19669  |decision_function  |    9|    9|    1|    1| function |
        |grp_decision_function_fu_19806  |decision_function  |    9|    9|    1|    1| function |
        |grp_decision_function_fu_19943  |decision_function  |    9|    9|    1|    1| function |
        |grp_decision_function_fu_20080  |decision_function  |    9|    9|    1|    1| function |
        |grp_decision_function_fu_20217  |decision_function  |    9|    9|    1|    1| function |
        |grp_decision_function_fu_20354  |decision_function  |    9|    9|    1|    1| function |
        |grp_decision_function_fu_20491  |decision_function  |    9|    9|    1|    1| function |
        |grp_decision_function_fu_20628  |decision_function  |    9|    9|    1|    1| function |
        |grp_decision_function_fu_20765  |decision_function  |    9|    9|    1|    1| function |
        |grp_decision_function_fu_20902  |decision_function  |    9|    9|    1|    1| function |
        |grp_decision_function_fu_21039  |decision_function  |    9|    9|    1|    1| function |
        |grp_decision_function_fu_21176  |decision_function  |    9|    9|    1|    1| function |
        |grp_decision_function_fu_21313  |decision_function  |    9|    9|    1|    1| function |
        |grp_decision_function_fu_21450  |decision_function  |    9|    9|    1|    1| function |
        |grp_decision_function_fu_21587  |decision_function  |    9|    9|    1|    1| function |
        |grp_decision_function_fu_21724  |decision_function  |    9|    9|    1|    1| function |
        |grp_decision_function_fu_21861  |decision_function  |    9|    9|    1|    1| function |
        |grp_decision_function_fu_21998  |decision_function  |    9|    9|    1|    1| function |
        |grp_decision_function_fu_22135  |decision_function  |    9|    9|    1|    1| function |
        |grp_decision_function_fu_22272  |decision_function  |    9|    9|    1|    1| function |
        |grp_decision_function_fu_22409  |decision_function  |    9|    9|    1|    1| function |
        |grp_decision_function_fu_22546  |decision_function  |    9|    9|    1|    1| function |
        |grp_decision_function_fu_22683  |decision_function  |    9|    9|    1|    1| function |
        |grp_decision_function_fu_22820  |decision_function  |    9|    9|    1|    1| function |
        |grp_decision_function_fu_22957  |decision_function  |    9|    9|    1|    1| function |
        |grp_decision_function_fu_23094  |decision_function  |    9|    9|    1|    1| function |
        |grp_decision_function_fu_23231  |decision_function  |    9|    9|    1|    1| function |
        |grp_decision_function_fu_23368  |decision_function  |    9|    9|    1|    1| function |
        |grp_decision_function_fu_23505  |decision_function  |    9|    9|    1|    1| function |
        |grp_decision_function_fu_23642  |decision_function  |    9|    9|    1|    1| function |
        |grp_decision_function_fu_23779  |decision_function  |    9|    9|    1|    1| function |
        |grp_decision_function_fu_23916  |decision_function  |    9|    9|    1|    1| function |
        |grp_decision_function_fu_24053  |decision_function  |    9|    9|    1|    1| function |
        |grp_decision_function_fu_24190  |decision_function  |    9|    9|    1|    1| function |
        |grp_decision_function_fu_24327  |decision_function  |    9|    9|    1|    1| function |
        |grp_decision_function_fu_24464  |decision_function  |    9|    9|    1|    1| function |
        |grp_decision_function_fu_24601  |decision_function  |    9|    9|    1|    1| function |
        |grp_decision_function_fu_24738  |decision_function  |    9|    9|    1|    1| function |
        |grp_decision_function_fu_24875  |decision_function  |    9|    9|    1|    1| function |
        |grp_decision_function_fu_25012  |decision_function  |    9|    9|    1|    1| function |
        |grp_decision_function_fu_25149  |decision_function  |    9|    9|    1|    1| function |
        |grp_decision_function_fu_25286  |decision_function  |    9|    9|    1|    1| function |
        |grp_decision_function_fu_25423  |decision_function  |    9|    9|    1|    1| function |
        |grp_decision_function_fu_25560  |decision_function  |    9|    9|    1|    1| function |
        |grp_decision_function_fu_25697  |decision_function  |    9|    9|    1|    1| function |
        |grp_decision_function_fu_25834  |decision_function  |    9|    9|    1|    1| function |
        |grp_decision_function_fu_25971  |decision_function  |    9|    9|    1|    1| function |
        |grp_decision_function_fu_26108  |decision_function  |    9|    9|    1|    1| function |
        |grp_decision_function_fu_26245  |decision_function  |    9|    9|    1|    1| function |
        |grp_decision_function_fu_26382  |decision_function  |    9|    9|    1|    1| function |
        |grp_decision_function_fu_26519  |decision_function  |    9|    9|    1|    1| function |
        |grp_decision_function_fu_26656  |decision_function  |    9|    9|    1|    1| function |
        |grp_decision_function_fu_26793  |decision_function  |    9|    9|    1|    1| function |
        |grp_decision_function_fu_26930  |decision_function  |    9|    9|    1|    1| function |
        |grp_decision_function_fu_27067  |decision_function  |    9|    9|    1|    1| function |
        |grp_decision_function_fu_27204  |decision_function  |    9|    9|    1|    1| function |
        |grp_decision_function_fu_27341  |decision_function  |    9|    9|    1|    1| function |
        |grp_decision_function_fu_27478  |decision_function  |    9|    9|    1|    1| function |
        |grp_decision_function_fu_27615  |decision_function  |    9|    9|    1|    1| function |
        |grp_decision_function_fu_27752  |decision_function  |    9|    9|    1|    1| function |
        |grp_decision_function_fu_27889  |decision_function  |    9|    9|    1|    1| function |
        |grp_decision_function_fu_28026  |decision_function  |    9|    9|    1|    1| function |
        |grp_decision_function_fu_28163  |decision_function  |    9|    9|    1|    1| function |
        |grp_decision_function_fu_28300  |decision_function  |    9|    9|    1|    1| function |
        |grp_decision_function_fu_28437  |decision_function  |    9|    9|    1|    1| function |
        |grp_decision_function_fu_28574  |decision_function  |    9|    9|    1|    1| function |
        |grp_decision_function_fu_28711  |decision_function  |    9|    9|    1|    1| function |
        |grp_decision_function_fu_28848  |decision_function  |    9|    9|    1|    1| function |
        |grp_decision_function_fu_28985  |decision_function  |    9|    9|    1|    1| function |
        |grp_decision_function_fu_29122  |decision_function  |    9|    9|    1|    1| function |
        |grp_decision_function_fu_29259  |decision_function  |    9|    9|    1|    1| function |
        |grp_decision_function_fu_29396  |decision_function  |    9|    9|    1|    1| function |
        |grp_decision_function_fu_29533  |decision_function  |    9|    9|    1|    1| function |
        |grp_decision_function_fu_29670  |decision_function  |    9|    9|    1|    1| function |
        |grp_decision_function_fu_29807  |decision_function  |    9|    9|    1|    1| function |
        |grp_decision_function_fu_29944  |decision_function  |    9|    9|    1|    1| function |
        |grp_decision_function_fu_30081  |decision_function  |    9|    9|    1|    1| function |
        |grp_decision_function_fu_30218  |decision_function  |    9|    9|    1|    1| function |
        |grp_decision_function_fu_30355  |decision_function  |    9|    9|    1|    1| function |
        |grp_decision_function_fu_30492  |decision_function  |    9|    9|    1|    1| function |
        |grp_decision_function_fu_30629  |decision_function  |    9|    9|    1|    1| function |
        |grp_decision_function_fu_30766  |decision_function  |    9|    9|    1|    1| function |
        |grp_decision_function_fu_30903  |decision_function  |    9|    9|    1|    1| function |
        |grp_decision_function_fu_31040  |decision_function  |    9|    9|    1|    1| function |
        |grp_decision_function_fu_31177  |decision_function  |    9|    9|    1|    1| function |
        |grp_decision_function_fu_31314  |decision_function  |    9|    9|    1|    1| function |
        |grp_decision_function_fu_31451  |decision_function  |    9|    9|    1|    1| function |
        +--------------------------------+-------------------+-----+-----+-----+-----+----------+

        * Loop: 
        N/A



================================================================
== Utilization Estimates
================================================================
* Summary: 
+-----------------+---------+-------+---------+---------+
|       Name      | BRAM_18K| DSP48E|    FF   |   LUT   |
+-----------------+---------+-------+---------+---------+
|DSP              |        -|      1|        -|        -|
|Expression       |        -|      -|        0|     4435|
|FIFO             |        -|      -|        -|        -|
|Instance         |        0|      -|  1102428|  2066092|
|Memory           |        -|      -|        -|        -|
|Multiplexer      |        -|      -|        -|        9|
|Register         |        0|      -|     3511|      288|
+-----------------+---------+-------+---------+---------+
|Total            |        0|      1|  1105939|  2070824|
+-----------------+---------+-------+---------+---------+
|Available        |     2940|   3600|   866400|   433200|
+-----------------+---------+-------+---------+---------+
|Utilization (%)  |        0|   ~0  |      127|      478|
+-----------------+---------+-------+---------+---------+

+ Detail: 
    * Instance: 
    +--------------------------------+-------------------+---------+-------+-------+-------+
    |            Instance            |       Module      | BRAM_18K| DSP48E|   FF  |  LUT  |
    +--------------------------------+-------------------+---------+-------+-------+-------+
    |grp_decision_function_fu_536    |decision_function  |        0|      0|   4878|   9142|
    |grp_decision_function_fu_682    |decision_function  |        0|      0|   4878|   9142|
    |grp_decision_function_fu_828    |decision_function  |        0|      0|   4878|   9142|
    |grp_decision_function_fu_974    |decision_function  |        0|      0|   4878|   9142|
    |grp_decision_function_fu_1120   |decision_function  |        0|      0|   4878|   9142|
    |grp_decision_function_fu_1266   |decision_function  |        0|      0|   4878|   9142|
    |grp_decision_function_fu_1412   |decision_function  |        0|      0|   4878|   9142|
    |grp_decision_function_fu_1558   |decision_function  |        0|      0|   4878|   9142|
    |grp_decision_function_fu_1704   |decision_function  |        0|      0|   4878|   9142|
    |grp_decision_function_fu_1850   |decision_function  |        0|      0|   4878|   9142|
    |grp_decision_function_fu_1996   |decision_function  |        0|      0|   4878|   9142|
    |grp_decision_function_fu_2133   |decision_function  |        0|      0|   4878|   9142|
    |grp_decision_function_fu_2270   |decision_function  |        0|      0|   4878|   9142|
    |grp_decision_function_fu_2407   |decision_function  |        0|      0|   4878|   9142|
    |grp_decision_function_fu_2544   |decision_function  |        0|      0|   4878|   9142|
    |grp_decision_function_fu_2681   |decision_function  |        0|      0|   4878|   9142|
    |grp_decision_function_fu_2818   |decision_function  |        0|      0|   4878|   9142|
    |grp_decision_function_fu_2955   |decision_function  |        0|      0|   4878|   9142|
    |grp_decision_function_fu_3092   |decision_function  |        0|      0|   4878|   9142|
    |grp_decision_function_fu_3229   |decision_function  |        0|      0|   4878|   9142|
    |grp_decision_function_fu_3366   |decision_function  |        0|      0|   4878|   9142|
    |grp_decision_function_fu_3503   |decision_function  |        0|      0|   4878|   9142|
    |grp_decision_function_fu_3640   |decision_function  |        0|      0|   4878|   9142|
    |grp_decision_function_fu_3777   |decision_function  |        0|      0|   4878|   9142|
    |grp_decision_function_fu_3914   |decision_function  |        0|      0|   4878|   9142|
    |grp_decision_function_fu_4051   |decision_function  |        0|      0|   4878|   9142|
    |grp_decision_function_fu_4188   |decision_function  |        0|      0|   4878|   9142|
    |grp_decision_function_fu_4325   |decision_function  |        0|      0|   4878|   9142|
    |grp_decision_function_fu_4462   |decision_function  |        0|      0|   4878|   9142|
    |grp_decision_function_fu_4599   |decision_function  |        0|      0|   4878|   9142|
    |grp_decision_function_fu_4736   |decision_function  |        0|      0|   4878|   9142|
    |grp_decision_function_fu_4873   |decision_function  |        0|      0|   4878|   9142|
    |grp_decision_function_fu_5010   |decision_function  |        0|      0|   4878|   9142|
    |grp_decision_function_fu_5147   |decision_function  |        0|      0|   4878|   9142|
    |grp_decision_function_fu_5284   |decision_function  |        0|      0|   4878|   9142|
    |grp_decision_function_fu_5421   |decision_function  |        0|      0|   4878|   9142|
    |grp_decision_function_fu_5558   |decision_function  |        0|      0|   4878|   9142|
    |grp_decision_function_fu_5695   |decision_function  |        0|      0|   4878|   9142|
    |grp_decision_function_fu_5832   |decision_function  |        0|      0|   4878|   9142|
    |grp_decision_function_fu_5969   |decision_function  |        0|      0|   4878|   9142|
    |grp_decision_function_fu_6106   |decision_function  |        0|      0|   4878|   9142|
    |grp_decision_function_fu_6243   |decision_function  |        0|      0|   4878|   9142|
    |grp_decision_function_fu_6380   |decision_function  |        0|      0|   4878|   9142|
    |grp_decision_function_fu_6517   |decision_function  |        0|      0|   4878|   9142|
    |grp_decision_function_fu_6654   |decision_function  |        0|      0|   4878|   9142|
    |grp_decision_function_fu_6791   |decision_function  |        0|      0|   4878|   9142|
    |grp_decision_function_fu_6928   |decision_function  |        0|      0|   4878|   9142|
    |grp_decision_function_fu_7065   |decision_function  |        0|      0|   4878|   9142|
    |grp_decision_function_fu_7202   |decision_function  |        0|      0|   4878|   9142|
    |grp_decision_function_fu_7339   |decision_function  |        0|      0|   4878|   9142|
    |grp_decision_function_fu_7476   |decision_function  |        0|      0|   4878|   9142|
    |grp_decision_function_fu_7613   |decision_function  |        0|      0|   4878|   9142|
    |grp_decision_function_fu_7750   |decision_function  |        0|      0|   4878|   9142|
    |grp_decision_function_fu_7887   |decision_function  |        0|      0|   4878|   9142|
    |grp_decision_function_fu_8024   |decision_function  |        0|      0|   4878|   9142|
    |grp_decision_function_fu_8161   |decision_function  |        0|      0|   4878|   9142|
    |grp_decision_function_fu_8298   |decision_function  |        0|      0|   4878|   9142|
    |grp_decision_function_fu_8435   |decision_function  |        0|      0|   4878|   9142|
    |grp_decision_function_fu_8572   |decision_function  |        0|      0|   4878|   9142|
    |grp_decision_function_fu_8709   |decision_function  |        0|      0|   4878|   9142|
    |grp_decision_function_fu_8846   |decision_function  |        0|      0|   4878|   9142|
    |grp_decision_function_fu_8983   |decision_function  |        0|      0|   4878|   9142|
    |grp_decision_function_fu_9120   |decision_function  |        0|      0|   4878|   9142|
    |grp_decision_function_fu_9257   |decision_function  |        0|      0|   4878|   9142|
    |grp_decision_function_fu_9394   |decision_function  |        0|      0|   4878|   9142|
    |grp_decision_function_fu_9531   |decision_function  |        0|      0|   4878|   9142|
    |grp_decision_function_fu_9668   |decision_function  |        0|      0|   4878|   9142|
    |grp_decision_function_fu_9805   |decision_function  |        0|      0|   4878|   9142|
    |grp_decision_function_fu_9942   |decision_function  |        0|      0|   4878|   9142|
    |grp_decision_function_fu_10079  |decision_function  |        0|      0|   4878|   9142|
    |grp_decision_function_fu_10216  |decision_function  |        0|      0|   4878|   9142|
    |grp_decision_function_fu_10353  |decision_function  |        0|      0|   4878|   9142|
    |grp_decision_function_fu_10490  |decision_function  |        0|      0|   4878|   9142|
    |grp_decision_function_fu_10627  |decision_function  |        0|      0|   4878|   9142|
    |grp_decision_function_fu_10764  |decision_function  |        0|      0|   4878|   9142|
    |grp_decision_function_fu_10901  |decision_function  |        0|      0|   4878|   9142|
    |grp_decision_function_fu_11038  |decision_function  |        0|      0|   4878|   9142|
    |grp_decision_function_fu_11175  |decision_function  |        0|      0|   4878|   9142|
    |grp_decision_function_fu_11312  |decision_function  |        0|      0|   4878|   9142|
    |grp_decision_function_fu_11449  |decision_function  |        0|      0|   4878|   9142|
    |grp_decision_function_fu_11586  |decision_function  |        0|      0|   4878|   9142|
    |grp_decision_function_fu_11723  |decision_function  |        0|      0|   4878|   9142|
    |grp_decision_function_fu_11860  |decision_function  |        0|      0|   4878|   9142|
    |grp_decision_function_fu_11997  |decision_function  |        0|      0|   4878|   9142|
    |grp_decision_function_fu_12134  |decision_function  |        0|      0|   4878|   9142|
    |grp_decision_function_fu_12271  |decision_function  |        0|      0|   4878|   9142|
    |grp_decision_function_fu_12408  |decision_function  |        0|      0|   4878|   9142|
    |grp_decision_function_fu_12545  |decision_function  |        0|      0|   4878|   9142|
    |grp_decision_function_fu_12682  |decision_function  |        0|      0|   4878|   9142|
    |grp_decision_function_fu_12819  |decision_function  |        0|      0|   4878|   9142|
    |grp_decision_function_fu_12956  |decision_function  |        0|      0|   4878|   9142|
    |grp_decision_function_fu_13093  |decision_function  |        0|      0|   4878|   9142|
    |grp_decision_function_fu_13230  |decision_function  |        0|      0|   4878|   9142|
    |grp_decision_function_fu_13367  |decision_function  |        0|      0|   4878|   9142|
    |grp_decision_function_fu_13504  |decision_function  |        0|      0|   4878|   9142|
    |grp_decision_function_fu_13641  |decision_function  |        0|      0|   4878|   9142|
    |grp_decision_function_fu_13778  |decision_function  |        0|      0|   4878|   9142|
    |grp_decision_function_fu_13915  |decision_function  |        0|      0|   4878|   9142|
    |grp_decision_function_fu_14052  |decision_function  |        0|      0|   4878|   9142|
    |grp_decision_function_fu_14189  |decision_function  |        0|      0|   4878|   9142|
    |grp_decision_function_fu_14326  |decision_function  |        0|      0|   4878|   9142|
    |grp_decision_function_fu_14463  |decision_function  |        0|      0|   4878|   9142|
    |grp_decision_function_fu_14600  |decision_function  |        0|      0|   4878|   9142|
    |grp_decision_function_fu_14737  |decision_function  |        0|      0|   4878|   9142|
    |grp_decision_function_fu_14874  |decision_function  |        0|      0|   4878|   9142|
    |grp_decision_function_fu_15011  |decision_function  |        0|      0|   4878|   9142|
    |grp_decision_function_fu_15148  |decision_function  |        0|      0|   4878|   9142|
    |grp_decision_function_fu_15285  |decision_function  |        0|      0|   4878|   9142|
    |grp_decision_function_fu_15422  |decision_function  |        0|      0|   4878|   9142|
    |grp_decision_function_fu_15559  |decision_function  |        0|      0|   4878|   9142|
    |grp_decision_function_fu_15696  |decision_function  |        0|      0|   4878|   9142|
    |grp_decision_function_fu_15833  |decision_function  |        0|      0|   4878|   9142|
    |grp_decision_function_fu_15970  |decision_function  |        0|      0|   4878|   9142|
    |grp_decision_function_fu_16107  |decision_function  |        0|      0|   4878|   9142|
    |grp_decision_function_fu_16244  |decision_function  |        0|      0|   4878|   9142|
    |grp_decision_function_fu_16381  |decision_function  |        0|      0|   4878|   9142|
    |grp_decision_function_fu_16518  |decision_function  |        0|      0|   4878|   9142|
    |grp_decision_function_fu_16655  |decision_function  |        0|      0|   4878|   9142|
    |grp_decision_function_fu_16792  |decision_function  |        0|      0|   4878|   9142|
    |grp_decision_function_fu_16929  |decision_function  |        0|      0|   4878|   9142|
    |grp_decision_function_fu_17066  |decision_function  |        0|      0|   4878|   9142|
    |grp_decision_function_fu_17203  |decision_function  |        0|      0|   4878|   9142|
    |grp_decision_function_fu_17340  |decision_function  |        0|      0|   4878|   9142|
    |grp_decision_function_fu_17477  |decision_function  |        0|      0|   4878|   9142|
    |grp_decision_function_fu_17614  |decision_function  |        0|      0|   4878|   9142|
    |grp_decision_function_fu_17751  |decision_function  |        0|      0|   4878|   9142|
    |grp_decision_function_fu_17888  |decision_function  |        0|      0|   4878|   9142|
    |grp_decision_function_fu_18025  |decision_function  |        0|      0|   4878|   9142|
    |grp_decision_function_fu_18162  |decision_function  |        0|      0|   4878|   9142|
    |grp_decision_function_fu_18299  |decision_function  |        0|      0|   4878|   9142|
    |grp_decision_function_fu_18436  |decision_function  |        0|      0|   4878|   9142|
    |grp_decision_function_fu_18573  |decision_function  |        0|      0|   4878|   9142|
    |grp_decision_function_fu_18710  |decision_function  |        0|      0|   4878|   9142|
    |grp_decision_function_fu_18847  |decision_function  |        0|      0|   4878|   9142|
    |grp_decision_function_fu_18984  |decision_function  |        0|      0|   4878|   9142|
    |grp_decision_function_fu_19121  |decision_function  |        0|      0|   4878|   9142|
    |grp_decision_function_fu_19258  |decision_function  |        0|      0|   4878|   9142|
    |grp_decision_function_fu_19395  |decision_function  |        0|      0|   4878|   9142|
    |grp_decision_function_fu_19532  |decision_function  |        0|      0|   4878|   9142|
    |grp_decision_function_fu_19669  |decision_function  |        0|      0|   4878|   9142|
    |grp_decision_function_fu_19806  |decision_function  |        0|      0|   4878|   9142|
    |grp_decision_function_fu_19943  |decision_function  |        0|      0|   4878|   9142|
    |grp_decision_function_fu_20080  |decision_function  |        0|      0|   4878|   9142|
    |grp_decision_function_fu_20217  |decision_function  |        0|      0|   4878|   9142|
    |grp_decision_function_fu_20354  |decision_function  |        0|      0|   4878|   9142|
    |grp_decision_function_fu_20491  |decision_function  |        0|      0|   4878|   9142|
    |grp_decision_function_fu_20628  |decision_function  |        0|      0|   4878|   9142|
    |grp_decision_function_fu_20765  |decision_function  |        0|      0|   4878|   9142|
    |grp_decision_function_fu_20902  |decision_function  |        0|      0|   4878|   9142|
    |grp_decision_function_fu_21039  |decision_function  |        0|      0|   4878|   9142|
    |grp_decision_function_fu_21176  |decision_function  |        0|      0|   4878|   9142|
    |grp_decision_function_fu_21313  |decision_function  |        0|      0|   4878|   9142|
    |grp_decision_function_fu_21450  |decision_function  |        0|      0|   4878|   9142|
    |grp_decision_function_fu_21587  |decision_function  |        0|      0|   4878|   9142|
    |grp_decision_function_fu_21724  |decision_function  |        0|      0|   4878|   9142|
    |grp_decision_function_fu_21861  |decision_function  |        0|      0|   4878|   9142|
    |grp_decision_function_fu_21998  |decision_function  |        0|      0|   4878|   9142|
    |grp_decision_function_fu_22135  |decision_function  |        0|      0|   4878|   9142|
    |grp_decision_function_fu_22272  |decision_function  |        0|      0|   4878|   9142|
    |grp_decision_function_fu_22409  |decision_function  |        0|      0|   4878|   9142|
    |grp_decision_function_fu_22546  |decision_function  |        0|      0|   4878|   9142|
    |grp_decision_function_fu_22683  |decision_function  |        0|      0|   4878|   9142|
    |grp_decision_function_fu_22820  |decision_function  |        0|      0|   4878|   9142|
    |grp_decision_function_fu_22957  |decision_function  |        0|      0|   4878|   9142|
    |grp_decision_function_fu_23094  |decision_function  |        0|      0|   4878|   9142|
    |grp_decision_function_fu_23231  |decision_function  |        0|      0|   4878|   9142|
    |grp_decision_function_fu_23368  |decision_function  |        0|      0|   4878|   9142|
    |grp_decision_function_fu_23505  |decision_function  |        0|      0|   4878|   9142|
    |grp_decision_function_fu_23642  |decision_function  |        0|      0|   4878|   9142|
    |grp_decision_function_fu_23779  |decision_function  |        0|      0|   4878|   9142|
    |grp_decision_function_fu_23916  |decision_function  |        0|      0|   4878|   9142|
    |grp_decision_function_fu_24053  |decision_function  |        0|      0|   4878|   9142|
    |grp_decision_function_fu_24190  |decision_function  |        0|      0|   4878|   9142|
    |grp_decision_function_fu_24327  |decision_function  |        0|      0|   4878|   9142|
    |grp_decision_function_fu_24464  |decision_function  |        0|      0|   4878|   9142|
    |grp_decision_function_fu_24601  |decision_function  |        0|      0|   4878|   9142|
    |grp_decision_function_fu_24738  |decision_function  |        0|      0|   4878|   9142|
    |grp_decision_function_fu_24875  |decision_function  |        0|      0|   4878|   9142|
    |grp_decision_function_fu_25012  |decision_function  |        0|      0|   4878|   9142|
    |grp_decision_function_fu_25149  |decision_function  |        0|      0|   4878|   9142|
    |grp_decision_function_fu_25286  |decision_function  |        0|      0|   4878|   9142|
    |grp_decision_function_fu_25423  |decision_function  |        0|      0|   4878|   9142|
    |grp_decision_function_fu_25560  |decision_function  |        0|      0|   4878|   9142|
    |grp_decision_function_fu_25697  |decision_function  |        0|      0|   4878|   9142|
    |grp_decision_function_fu_25834  |decision_function  |        0|      0|   4878|   9142|
    |grp_decision_function_fu_25971  |decision_function  |        0|      0|   4878|   9142|
    |grp_decision_function_fu_26108  |decision_function  |        0|      0|   4878|   9142|
    |grp_decision_function_fu_26245  |decision_function  |        0|      0|   4878|   9142|
    |grp_decision_function_fu_26382  |decision_function  |        0|      0|   4878|   9142|
    |grp_decision_function_fu_26519  |decision_function  |        0|      0|   4878|   9142|
    |grp_decision_function_fu_26656  |decision_function  |        0|      0|   4878|   9142|
    |grp_decision_function_fu_26793  |decision_function  |        0|      0|   4878|   9142|
    |grp_decision_function_fu_26930  |decision_function  |        0|      0|   4878|   9142|
    |grp_decision_function_fu_27067  |decision_function  |        0|      0|   4878|   9142|
    |grp_decision_function_fu_27204  |decision_function  |        0|      0|   4878|   9142|
    |grp_decision_function_fu_27341  |decision_function  |        0|      0|   4878|   9142|
    |grp_decision_function_fu_27478  |decision_function  |        0|      0|   4878|   9142|
    |grp_decision_function_fu_27615  |decision_function  |        0|      0|   4878|   9142|
    |grp_decision_function_fu_27752  |decision_function  |        0|      0|   4878|   9142|
    |grp_decision_function_fu_27889  |decision_function  |        0|      0|   4878|   9142|
    |grp_decision_function_fu_28026  |decision_function  |        0|      0|   4878|   9142|
    |grp_decision_function_fu_28163  |decision_function  |        0|      0|   4878|   9142|
    |grp_decision_function_fu_28300  |decision_function  |        0|      0|   4878|   9142|
    |grp_decision_function_fu_28437  |decision_function  |        0|      0|   4878|   9142|
    |grp_decision_function_fu_28574  |decision_function  |        0|      0|   4878|   9142|
    |grp_decision_function_fu_28711  |decision_function  |        0|      0|   4878|   9142|
    |grp_decision_function_fu_28848  |decision_function  |        0|      0|   4878|   9142|
    |grp_decision_function_fu_28985  |decision_function  |        0|      0|   4878|   9142|
    |grp_decision_function_fu_29122  |decision_function  |        0|      0|   4878|   9142|
    |grp_decision_function_fu_29259  |decision_function  |        0|      0|   4878|   9142|
    |grp_decision_function_fu_29396  |decision_function  |        0|      0|   4878|   9142|
    |grp_decision_function_fu_29533  |decision_function  |        0|      0|   4878|   9142|
    |grp_decision_function_fu_29670  |decision_function  |        0|      0|   4878|   9142|
    |grp_decision_function_fu_29807  |decision_function  |        0|      0|   4878|   9142|
    |grp_decision_function_fu_29944  |decision_function  |        0|      0|   4878|   9142|
    |grp_decision_function_fu_30081  |decision_function  |        0|      0|   4878|   9142|
    |grp_decision_function_fu_30218  |decision_function  |        0|      0|   4878|   9142|
    |grp_decision_function_fu_30355  |decision_function  |        0|      0|   4878|   9142|
    |grp_decision_function_fu_30492  |decision_function  |        0|      0|   4878|   9142|
    |grp_decision_function_fu_30629  |decision_function  |        0|      0|   4878|   9142|
    |grp_decision_function_fu_30766  |decision_function  |        0|      0|   4878|   9142|
    |grp_decision_function_fu_30903  |decision_function  |        0|      0|   4878|   9142|
    |grp_decision_function_fu_31040  |decision_function  |        0|      0|   4878|   9142|
    |grp_decision_function_fu_31177  |decision_function  |        0|      0|   4878|   9142|
    |grp_decision_function_fu_31314  |decision_function  |        0|      0|   4878|   9142|
    |grp_decision_function_fu_31451  |decision_function  |        0|      0|   4878|   9142|
    +--------------------------------+-------------------+---------+-------+-------+-------+
    |Total                           |                   |        0|      0|1102428|2066092|
    +--------------------------------+-------------------+---------+-------+-------+-------+

    * DSP48: 
    +---------------------------+----------------------+-----------+
    |          Instance         |        Module        | Expression|
    +---------------------------+----------------------+-----------+
    |myproject_mul_mulfYi_U128  |myproject_mul_mulfYi  |  i0 * i1  |
    +---------------------------+----------------------+-----------+

    * Memory: 
    N/A

    * FIFO: 
    N/A

    * Expression: 
    +------------------------+----------+-------+---+----+------------+------------+
    |      Variable Name     | Operation| DSP48E| FF| LUT| Bitwidth P0| Bitwidth P1|
    +------------------------+----------+-------+---+----+------------+------------+
    |p_Val2_3_s_fu_32794_p2  |     +    |      0|  0|  18|          18|          18|
    |tmp100_fu_32040_p2      |     +    |      0|  0|  18|          18|          18|
    |tmp101_fu_32046_p2      |     +    |      0|  0|  18|          18|          18|
    |tmp102_fu_31689_p2      |     +    |      0|  0|  25|          18|          18|
    |tmp103_fu_32052_p2      |     +    |      0|  0|  18|          18|          18|
    |tmp104_fu_32493_p2      |     +    |      0|  0|  18|          18|          18|
    |tmp105_fu_31695_p2      |     +    |      0|  0|  25|          18|          18|
    |tmp106_fu_31701_p2      |     +    |      0|  0|  25|          18|          18|
    |tmp107_fu_32497_p2      |     +    |      0|  0|  18|          18|          18|
    |tmp108_fu_32057_p2      |     +    |      0|  0|  18|          18|          18|
    |tmp109_fu_31707_p2      |     +    |      0|  0|  18|          18|          18|
    |tmp10_fu_32758_p2       |     +    |      0|  0|  18|          18|          18|
    |tmp110_fu_31594_p2      |     +    |      0|  0|  25|          18|          18|
    |tmp111_fu_31713_p2      |     +    |      0|  0|  18|          18|          18|
    |tmp112_fu_32061_p2      |     +    |      0|  0|  18|          18|          18|
    |tmp113_fu_32066_p2      |     +    |      0|  0|  25|          18|          18|
    |tmp114_fu_32502_p2      |     +    |      0|  0|  18|          18|          18|
    |tmp115_fu_32072_p2      |     +    |      0|  0|  18|          18|          18|
    |tmp116_fu_31718_p2      |     +    |      0|  0|  25|          18|          18|
    |tmp117_fu_32078_p2      |     +    |      0|  0|  18|          18|          18|
    |tmp118_fu_32507_p2      |     +    |      0|  0|  18|          18|          18|
    |tmp119_fu_32083_p2      |     +    |      0|  0|  25|          18|          18|
    |tmp11_fu_32754_p2       |     +    |      0|  0|  18|          18|          18|
    |tmp120_fu_32512_p2      |     +    |      0|  0|  18|          18|          18|
    |tmp121_fu_32785_p2      |     +    |      0|  0|  18|          18|          18|
    |tmp122_fu_32781_p2      |     +    |      0|  0|  18|          18|          18|
    |tmp123_fu_32713_p2      |     +    |      0|  0|  18|          18|          18|
    |tmp124_fu_32709_p2      |     +    |      0|  0|  18|          18|          18|
    |tmp125_fu_32089_p2      |     +    |      0|  0|  18|          18|          18|
    |tmp126_fu_31724_p2      |     +    |      0|  0|  25|          18|          18|
    |tmp127_fu_32095_p2      |     +    |      0|  0|  18|          18|          18|
    |tmp128_fu_32517_p2      |     +    |      0|  0|  18|          18|          18|
    |tmp129_fu_32100_p2      |     +    |      0|  0|  18|          18|          18|
    |tmp12_fu_32659_p2       |     +    |      0|  0|  18|          18|          18|
    |tmp130_fu_32106_p2      |     +    |      0|  0|  18|          18|          18|
    |tmp131_fu_32112_p2      |     +    |      0|  0|  18|          18|          18|
    |tmp132_fu_31730_p2      |     +    |      0|  0|  25|          18|          18|
    |tmp133_fu_32118_p2      |     +    |      0|  0|  18|          18|          18|
    |tmp134_fu_32522_p2      |     +    |      0|  0|  18|          18|          18|
    |tmp135_fu_31736_p2      |     +    |      0|  0|  25|          18|          18|
    |tmp136_fu_32123_p2      |     +    |      0|  0|  18|          18|          18|
    |tmp137_fu_32526_p2      |     +    |      0|  0|  18|          18|          18|
    |tmp138_fu_31742_p2      |     +    |      0|  0|  18|          18|          18|
    |tmp139_fu_31600_p2      |     +    |      0|  0|  25|          18|          18|
    |tmp13_fu_31853_p2       |     +    |      0|  0|  18|          18|          18|
    |tmp140_fu_31748_p2      |     +    |      0|  0|  18|          18|          18|
    |tmp141_fu_32128_p2      |     +    |      0|  0|  18|          18|          18|
    |tmp142_fu_32133_p2      |     +    |      0|  0|  25|          18|          18|
    |tmp143_fu_32531_p2      |     +    |      0|  0|  18|          18|          18|
    |tmp144_fu_32139_p2      |     +    |      0|  0|  18|          18|          18|
    |tmp145_fu_31753_p2      |     +    |      0|  0|  25|          18|          18|
    |tmp146_fu_32145_p2      |     +    |      0|  0|  18|          18|          18|
    |tmp147_fu_32536_p2      |     +    |      0|  0|  18|          18|          18|
    |tmp148_fu_32150_p2      |     +    |      0|  0|  25|          18|          18|
    |tmp149_fu_32541_p2      |     +    |      0|  0|  18|          18|          18|
    |tmp14_fu_31618_p2       |     +    |      0|  0|  25|          18|          18|
    |tmp150_fu_32722_p2      |     +    |      0|  0|  18|          18|          18|
    |tmp151_fu_32718_p2      |     +    |      0|  0|  18|          18|          18|
    |tmp152_fu_32156_p2      |     +    |      0|  0|  18|          18|          18|
    |tmp153_fu_31759_p2      |     +    |      0|  0|  25|          18|          18|
    |tmp154_fu_32162_p2      |     +    |      0|  0|  18|          18|          18|
    |tmp155_fu_32546_p2      |     +    |      0|  0|  18|          18|          18|
    |tmp156_fu_32167_p2      |     +    |      0|  0|  18|          18|          18|
    |tmp157_fu_32173_p2      |     +    |      0|  0|  18|          18|          18|
    |tmp158_fu_32179_p2      |     +    |      0|  0|  18|          18|          18|
    |tmp159_fu_31765_p2      |     +    |      0|  0|  25|          18|          18|
    |tmp15_fu_31859_p2       |     +    |      0|  0|  18|          18|          18|
    |tmp160_fu_32185_p2      |     +    |      0|  0|  18|          18|          18|
    |tmp161_fu_32551_p2      |     +    |      0|  0|  18|          18|          18|
    |tmp162_fu_31771_p2      |     +    |      0|  0|  25|          18|          18|
    |tmp163_fu_32190_p2      |     +    |      0|  0|  18|          18|          18|
    |tmp164_fu_32555_p2      |     +    |      0|  0|  18|          18|          18|
    |tmp165_fu_31777_p2      |     +    |      0|  0|  18|          18|          18|
    |tmp166_fu_31606_p2      |     +    |      0|  0|  25|          18|          18|
    |tmp167_fu_31783_p2      |     +    |      0|  0|  18|          18|          18|
    |tmp168_fu_32195_p2      |     +    |      0|  0|  18|          18|          18|
    |tmp169_fu_32560_p2      |     +    |      0|  0|  18|          18|          18|
    |tmp16_fu_32340_p2       |     +    |      0|  0|  18|          18|          18|
    |tmp170_fu_32566_p2      |     +    |      0|  0|  18|          18|          18|
    |tmp171_fu_32572_p2      |     +    |      0|  0|  18|          18|          18|
    |tmp172_fu_32200_p2      |     +    |      0|  0|  25|          18|          18|
    |tmp173_fu_32578_p2      |     +    |      0|  0|  18|          18|          18|
    |tmp174_fu_32727_p2      |     +    |      0|  0|  18|          18|          18|
    |tmp175_fu_32206_p2      |     +    |      0|  0|  25|          18|          18|
    |tmp176_fu_32583_p2      |     +    |      0|  0|  18|          18|          18|
    |tmp177_fu_32776_p2      |     +    |      0|  0|  18|          18|          18|
    |tmp178_fu_32772_p2      |     +    |      0|  0|  18|          18|          18|
    |tmp179_fu_32731_p2      |     +    |      0|  0|  18|          18|          18|
    |tmp17_fu_32345_p2       |     +    |      0|  0|  18|          18|          18|
    |tmp180_fu_32212_p2      |     +    |      0|  0|  18|          18|          18|
    |tmp181_fu_31788_p2      |     +    |      0|  0|  25|          18|          18|
    |tmp182_fu_32218_p2      |     +    |      0|  0|  18|          18|          18|
    |tmp183_fu_32588_p2      |     +    |      0|  0|  18|          18|          18|
    |tmp184_fu_32593_p2      |     +    |      0|  0|  18|          18|          18|
    |tmp185_fu_32599_p2      |     +    |      0|  0|  18|          18|          18|
    |tmp186_fu_32605_p2      |     +    |      0|  0|  18|          18|          18|
    |tmp187_fu_32223_p2      |     +    |      0|  0|  25|          18|          18|
    |tmp188_fu_32611_p2      |     +    |      0|  0|  18|          18|          18|
    |tmp189_fu_32736_p2      |     +    |      0|  0|  18|          18|          18|
    |tmp18_fu_32351_p2       |     +    |      0|  0|  18|          18|          18|
    |tmp190_fu_32229_p2      |     +    |      0|  0|  25|          18|          18|
    |tmp191_fu_32616_p2      |     +    |      0|  0|  18|          18|          18|
    |tmp192_fu_32740_p2      |     +    |      0|  0|  18|          18|          18|
    |tmp193_fu_32235_p2      |     +    |      0|  0|  18|          18|          18|
    |tmp194_fu_31794_p2      |     +    |      0|  0|  25|          18|          18|
    |tmp195_fu_32241_p2      |     +    |      0|  0|  18|          18|          18|
    |tmp196_fu_32621_p2      |     +    |      0|  0|  18|          18|          18|
    |tmp197_fu_32246_p2      |     +    |      0|  0|  25|          18|          18|
    |tmp198_fu_32626_p2      |     +    |      0|  0|  18|          18|          18|
    |tmp199_fu_32252_p2      |     +    |      0|  0|  18|          18|          18|
    |tmp19_fu_32357_p2       |     +    |      0|  0|  18|          18|          18|
    |tmp1_fu_32312_p2        |     +    |      0|  0|  18|          18|          18|
    |tmp200_fu_31800_p2      |     +    |      0|  0|  25|          18|          18|
    |tmp201_fu_32258_p2      |     +    |      0|  0|  18|          18|          18|
    |tmp202_fu_32631_p2      |     +    |      0|  0|  18|          18|          18|
    |tmp203_fu_32263_p2      |     +    |      0|  0|  25|          18|          18|
    |tmp204_fu_32636_p2      |     +    |      0|  0|  18|          18|          18|
    |tmp205_fu_32749_p2      |     +    |      0|  0|  18|          18|          18|
    |tmp206_fu_32745_p2      |     +    |      0|  0|  18|          18|          18|
    |tmp207_fu_32269_p2      |     +    |      0|  0|  18|          18|          18|
    |tmp208_fu_31806_p2      |     +    |      0|  0|  25|          18|          18|
    |tmp209_fu_32275_p2      |     +    |      0|  0|  18|          18|          18|
    |tmp20_fu_31864_p2       |     +    |      0|  0|  25|          18|          18|
    |tmp210_fu_32641_p2      |     +    |      0|  0|  18|          18|          18|
    |tmp211_fu_32280_p2      |     +    |      0|  0|  18|          18|          18|
    |tmp212_fu_32286_p2      |     +    |      0|  0|  18|          18|          18|
    |tmp213_fu_32292_p2      |     +    |      0|  0|  18|          18|          18|
    |tmp214_fu_31812_p2      |     +    |      0|  0|  25|          18|          18|
    |tmp215_fu_32298_p2      |     +    |      0|  0|  18|          18|          18|
    |tmp216_fu_32646_p2      |     +    |      0|  0|  18|          18|          18|
    |tmp217_fu_31818_p2      |     +    |      0|  0|  25|          18|          18|
    |tmp218_fu_31824_p2      |     +    |      0|  0|  25|          18|          18|
    |tmp219_fu_32650_p2      |     +    |      0|  0|  18|          18|          18|
    |tmp21_fu_32363_p2       |     +    |      0|  0|  18|          18|          18|
    |tmp220_fu_32303_p2      |     +    |      0|  0|  18|          18|          18|
    |tmp221_fu_31830_p2      |     +    |      0|  0|  18|          18|          18|
    |tmp222_fu_31612_p2      |     +    |      0|  0|  25|          18|          18|
    |tmp223_fu_31836_p2      |     +    |      0|  0|  18|          18|          18|
    |tmp224_fu_32307_p2      |     +    |      0|  0|  18|          18|          18|
    |tmp22_fu_32664_p2       |     +    |      0|  0|  18|          18|          18|
    |tmp23_fu_31870_p2       |     +    |      0|  0|  25|          18|          18|
    |tmp24_fu_32368_p2       |     +    |      0|  0|  18|          18|          18|
    |tmp25_fu_32668_p2       |     +    |      0|  0|  18|          18|          18|
    |tmp26_fu_31876_p2       |     +    |      0|  0|  18|          18|          18|
    |tmp27_fu_31624_p2       |     +    |      0|  0|  25|          18|          18|
    |tmp28_fu_31882_p2       |     +    |      0|  0|  18|          18|          18|
    |tmp29_fu_32373_p2       |     +    |      0|  0|  18|          18|          18|
    |tmp2_fu_32318_p2        |     +    |      0|  0|  18|          18|          18|
    |tmp30_fu_31887_p2       |     +    |      0|  0|  25|          18|          18|
    |tmp31_fu_32378_p2       |     +    |      0|  0|  18|          18|          18|
    |tmp32_fu_31893_p2       |     +    |      0|  0|  18|          18|          18|
    |tmp33_fu_31630_p2       |     +    |      0|  0|  25|          18|          18|
    |tmp34_fu_31899_p2       |     +    |      0|  0|  18|          18|          18|
    |tmp35_fu_32383_p2       |     +    |      0|  0|  18|          18|          18|
    |tmp36_fu_31904_p2       |     +    |      0|  0|  25|          18|          18|
    |tmp37_fu_32388_p2       |     +    |      0|  0|  18|          18|          18|
    |tmp38_fu_32677_p2       |     +    |      0|  0|  18|          18|          18|
    |tmp39_fu_32673_p2       |     +    |      0|  0|  18|          18|          18|
    |tmp3_fu_32324_p2        |     +    |      0|  0|  18|          18|          18|
    |tmp40_fu_31910_p2       |     +    |      0|  0|  18|          18|          18|
    |tmp41_fu_31636_p2       |     +    |      0|  0|  25|          18|          18|
    |tmp42_fu_31916_p2       |     +    |      0|  0|  18|          18|          18|
    |tmp43_fu_32393_p2       |     +    |      0|  0|  18|          18|          18|
    |tmp44_fu_31921_p2       |     +    |      0|  0|  18|          18|          18|
    |tmp45_fu_31927_p2       |     +    |      0|  0|  18|          18|          18|
    |tmp46_fu_31933_p2       |     +    |      0|  0|  18|          18|          18|
    |tmp47_fu_31642_p2       |     +    |      0|  0|  25|          18|          18|
    |tmp48_fu_31939_p2       |     +    |      0|  0|  18|          18|          18|
    |tmp49_fu_32398_p2       |     +    |      0|  0|  18|          18|          18|
    |tmp4_fu_31841_p2        |     +    |      0|  0|  25|          18|          18|
    |tmp50_fu_31648_p2       |     +    |      0|  0|  25|          18|          18|
    |tmp51_fu_31944_p2       |     +    |      0|  0|  18|          18|          18|
    |tmp52_fu_32402_p2       |     +    |      0|  0|  18|          18|          18|
    |tmp53_fu_31654_p2       |     +    |      0|  0|  18|          18|          18|
    |tmp54_fu_31588_p2       |     +    |      0|  0|  25|          18|          18|
    |tmp55_fu_31660_p2       |     +    |      0|  0|  18|          18|          18|
    |tmp56_fu_31949_p2       |     +    |      0|  0|  18|          18|          18|
    |tmp57_fu_32407_p2       |     +    |      0|  0|  18|          18|          18|
    |tmp58_fu_32413_p2       |     +    |      0|  0|  18|          18|          18|
    |tmp59_fu_32419_p2       |     +    |      0|  0|  18|          18|          18|
    |tmp5_fu_32330_p2        |     +    |      0|  0|  18|          18|          18|
    |tmp60_fu_31954_p2       |     +    |      0|  0|  25|          18|          18|
    |tmp61_fu_32425_p2       |     +    |      0|  0|  18|          18|          18|
    |tmp62_fu_32682_p2       |     +    |      0|  0|  18|          18|          18|
    |tmp63_fu_31960_p2       |     +    |      0|  0|  25|          18|          18|
    |tmp64_fu_32430_p2       |     +    |      0|  0|  18|          18|          18|
    |tmp65_fu_32767_p2       |     +    |      0|  0|  18|          18|          18|
    |tmp66_fu_32763_p2       |     +    |      0|  0|  18|          18|          18|
    |tmp67_fu_32686_p2       |     +    |      0|  0|  18|          18|          18|
    |tmp68_fu_31966_p2       |     +    |      0|  0|  18|          18|          18|
    |tmp69_fu_31665_p2       |     +    |      0|  0|  25|          18|          18|
    |tmp6_fu_32655_p2        |     +    |      0|  0|  18|          18|          18|
    |tmp70_fu_31972_p2       |     +    |      0|  0|  18|          18|          18|
    |tmp71_fu_32435_p2       |     +    |      0|  0|  18|          18|          18|
    |tmp72_fu_32440_p2       |     +    |      0|  0|  18|          18|          18|
    |tmp73_fu_32446_p2       |     +    |      0|  0|  18|          18|          18|
    |tmp74_fu_32452_p2       |     +    |      0|  0|  18|          18|          18|
    |tmp75_fu_31977_p2       |     +    |      0|  0|  25|          18|          18|
    |tmp76_fu_32458_p2       |     +    |      0|  0|  18|          18|          18|
    |tmp77_fu_32691_p2       |     +    |      0|  0|  18|          18|          18|
    |tmp78_fu_31983_p2       |     +    |      0|  0|  25|          18|          18|
    |tmp79_fu_32463_p2       |     +    |      0|  0|  18|          18|          18|
    |tmp7_fu_31847_p2        |     +    |      0|  0|  25|          18|          18|
    |tmp80_fu_32695_p2       |     +    |      0|  0|  18|          18|          18|
    |tmp81_fu_31989_p2       |     +    |      0|  0|  18|          18|          18|
    |tmp82_fu_31671_p2       |     +    |      0|  0|  25|          18|          18|
    |tmp83_fu_31995_p2       |     +    |      0|  0|  18|          18|          18|
    |tmp84_fu_32468_p2       |     +    |      0|  0|  18|          18|          18|
    |tmp85_fu_32000_p2       |     +    |      0|  0|  25|          18|          18|
    |tmp86_fu_32473_p2       |     +    |      0|  0|  18|          18|          18|
    |tmp87_fu_32006_p2       |     +    |      0|  0|  18|          18|          18|
    |tmp88_fu_31677_p2       |     +    |      0|  0|  25|          18|          18|
    |tmp89_fu_32012_p2       |     +    |      0|  0|  18|          18|          18|
    |tmp8_fu_32335_p2        |     +    |      0|  0|  18|          18|          18|
    |tmp90_fu_32478_p2       |     +    |      0|  0|  18|          18|          18|
    |tmp91_fu_32017_p2       |     +    |      0|  0|  25|          18|          18|
    |tmp92_fu_32483_p2       |     +    |      0|  0|  18|          18|          18|
    |tmp93_fu_32704_p2       |     +    |      0|  0|  18|          18|          18|
    |tmp94_fu_32700_p2       |     +    |      0|  0|  18|          18|          18|
    |tmp95_fu_32023_p2       |     +    |      0|  0|  18|          18|          18|
    |tmp96_fu_31683_p2       |     +    |      0|  0|  25|          18|          18|
    |tmp97_fu_32029_p2       |     +    |      0|  0|  18|          18|          18|
    |tmp98_fu_32488_p2       |     +    |      0|  0|  18|          18|          18|
    |tmp99_fu_32034_p2       |     +    |      0|  0|  18|          18|          18|
    |tmp9_fu_32790_p2        |     +    |      0|  0|  18|          18|          18|
    +------------------------+----------+-------+---+----+------------+------------+
    |Total                   |          |      0|  0|4435|        4050|        4050|
    +------------------------+----------+-------+---+----+------------+------------+

    * Multiplexer: 
    +-----------+----+-----------+-----+-----------+
    |    Name   | LUT| Input Size| Bits| Total Bits|
    +-----------+----+-----------+-----+-----------+
    |ap_return  |   9|          2|   18|         36|
    +-----------+----+-----------+-----+-----------+
    |Total      |   9|          2|   18|         36|
    +-----------+----+-----------+-----+-----------+

    * Register: 
    +---------------------------------+----+----+-----+-----------+
    |               Name              | FF | LUT| Bits| Const Bits|
    +---------------------------------+----+----+-----+-----------+
    |ap_ce_reg                        |   1|   0|    1|          0|
    |ap_return_int_reg                |  18|   0|   18|          0|
    |p_Val2_3_s_reg_35583             |  18|   0|   18|          0|
    |tmp100_reg_35193                 |  18|   0|   18|          0|
    |tmp102_reg_34968                 |  18|   0|   18|          0|
    |tmp103_reg_35198                 |  18|   0|   18|          0|
    |tmp105_reg_34973                 |  18|   0|   18|          0|
    |tmp106_reg_34978                 |  18|   0|   18|          0|
    |tmp107_reg_35428                 |  18|   0|   18|          0|
    |tmp10_reg_35563                  |  18|   0|   18|          0|
    |tmp10_reg_35563_pp0_iter16_reg   |  18|   0|   18|          0|
    |tmp110_reg_34893                 |  18|   0|   18|          0|
    |tmp111_reg_34983                 |  18|   0|   18|          0|
    |tmp112_reg_35203                 |  18|   0|   18|          0|
    |tmp113_reg_35208                 |  18|   0|   18|          0|
    |tmp116_reg_34988                 |  18|   0|   18|          0|
    |tmp117_reg_35213                 |  18|   0|   18|          0|
    |tmp118_reg_35433                 |  18|   0|   18|          0|
    |tmp119_reg_35218                 |  18|   0|   18|          0|
    |tmp121_reg_35578                 |  18|   0|   18|          0|
    |tmp123_reg_35538                 |  18|   0|   18|          0|
    |tmp123_reg_35538_pp0_iter15_reg  |  18|   0|   18|          0|
    |tmp126_reg_34993                 |  18|   0|   18|          0|
    |tmp127_reg_35223                 |  18|   0|   18|          0|
    |tmp128_reg_35438                 |  18|   0|   18|          0|
    |tmp12_reg_35508                  |  18|   0|   18|          0|
    |tmp130_reg_35228                 |  18|   0|   18|          0|
    |tmp132_reg_34998                 |  18|   0|   18|          0|
    |tmp133_reg_35233                 |  18|   0|   18|          0|
    |tmp135_reg_35003                 |  18|   0|   18|          0|
    |tmp137_reg_35443                 |  18|   0|   18|          0|
    |tmp139_reg_34898                 |  18|   0|   18|          0|
    |tmp140_reg_35008                 |  18|   0|   18|          0|
    |tmp141_reg_35238                 |  18|   0|   18|          0|
    |tmp142_reg_35243                 |  18|   0|   18|          0|
    |tmp145_reg_35013                 |  18|   0|   18|          0|
    |tmp146_reg_35248                 |  18|   0|   18|          0|
    |tmp147_reg_35448                 |  18|   0|   18|          0|
    |tmp148_reg_35253                 |  18|   0|   18|          0|
    |tmp14_reg_34913                  |  18|   0|   18|          0|
    |tmp150_reg_35543                 |  18|   0|   18|          0|
    |tmp150_reg_35543_pp0_iter15_reg  |  18|   0|   18|          0|
    |tmp153_reg_35018                 |  18|   0|   18|          0|
    |tmp154_reg_35258                 |  18|   0|   18|          0|
    |tmp155_reg_35453                 |  18|   0|   18|          0|
    |tmp157_reg_35263                 |  18|   0|   18|          0|
    |tmp159_reg_35023                 |  18|   0|   18|          0|
    |tmp15_reg_35088                  |  18|   0|   18|          0|
    |tmp160_reg_35268                 |  18|   0|   18|          0|
    |tmp162_reg_35028                 |  18|   0|   18|          0|
    |tmp164_reg_35458                 |  18|   0|   18|          0|
    |tmp166_reg_34903                 |  18|   0|   18|          0|
    |tmp167_reg_35033                 |  18|   0|   18|          0|
    |tmp168_reg_35273                 |  18|   0|   18|          0|
    |tmp16_reg_35353                  |  18|   0|   18|          0|
    |tmp170_reg_35463                 |  18|   0|   18|          0|
    |tmp172_reg_35278                 |  18|   0|   18|          0|
    |tmp173_reg_35468                 |  18|   0|   18|          0|
    |tmp175_reg_35283                 |  18|   0|   18|          0|
    |tmp177_reg_35573                 |  18|   0|   18|          0|
    |tmp179_reg_35548                 |  18|   0|   18|          0|
    |tmp181_reg_35038                 |  18|   0|   18|          0|
    |tmp182_reg_35288                 |  18|   0|   18|          0|
    |tmp183_reg_35473                 |  18|   0|   18|          0|
    |tmp185_reg_35478                 |  18|   0|   18|          0|
    |tmp187_reg_35293                 |  18|   0|   18|          0|
    |tmp188_reg_35483                 |  18|   0|   18|          0|
    |tmp18_reg_35358                  |  18|   0|   18|          0|
    |tmp190_reg_35298                 |  18|   0|   18|          0|
    |tmp192_reg_35553                 |  18|   0|   18|          0|
    |tmp194_reg_35043                 |  18|   0|   18|          0|
    |tmp195_reg_35303                 |  18|   0|   18|          0|
    |tmp196_reg_35488                 |  18|   0|   18|          0|
    |tmp197_reg_35308                 |  18|   0|   18|          0|
    |tmp200_reg_35048                 |  18|   0|   18|          0|
    |tmp201_reg_35313                 |  18|   0|   18|          0|
    |tmp202_reg_35493                 |  18|   0|   18|          0|
    |tmp203_reg_35318                 |  18|   0|   18|          0|
    |tmp205_reg_35558                 |  18|   0|   18|          0|
    |tmp208_reg_35053                 |  18|   0|   18|          0|
    |tmp209_reg_35323                 |  18|   0|   18|          0|
    |tmp20_reg_35093                  |  18|   0|   18|          0|
    |tmp210_reg_35498                 |  18|   0|   18|          0|
    |tmp212_reg_35328                 |  18|   0|   18|          0|
    |tmp214_reg_35058                 |  18|   0|   18|          0|
    |tmp215_reg_35333                 |  18|   0|   18|          0|
    |tmp217_reg_35063                 |  18|   0|   18|          0|
    |tmp218_reg_35068                 |  18|   0|   18|          0|
    |tmp219_reg_35503                 |  18|   0|   18|          0|
    |tmp21_reg_35363                  |  18|   0|   18|          0|
    |tmp222_reg_34908                 |  18|   0|   18|          0|
    |tmp223_reg_35073                 |  18|   0|   18|          0|
    |tmp224_reg_35338                 |  18|   0|   18|          0|
    |tmp23_reg_35098                  |  18|   0|   18|          0|
    |tmp25_reg_35513                  |  18|   0|   18|          0|
    |tmp27_reg_34918                  |  18|   0|   18|          0|
    |tmp28_reg_35103                  |  18|   0|   18|          0|
    |tmp29_reg_35368                  |  18|   0|   18|          0|
    |tmp2_reg_35343                   |  18|   0|   18|          0|
    |tmp30_reg_35108                  |  18|   0|   18|          0|
    |tmp33_reg_34923                  |  18|   0|   18|          0|
    |tmp34_reg_35113                  |  18|   0|   18|          0|
    |tmp35_reg_35373                  |  18|   0|   18|          0|
    |tmp36_reg_35118                  |  18|   0|   18|          0|
    |tmp38_reg_35518                  |  18|   0|   18|          0|
    |tmp41_reg_34928                  |  18|   0|   18|          0|
    |tmp42_reg_35123                  |  18|   0|   18|          0|
    |tmp43_reg_35378                  |  18|   0|   18|          0|
    |tmp45_reg_35128                  |  18|   0|   18|          0|
    |tmp47_reg_34933                  |  18|   0|   18|          0|
    |tmp48_reg_35133                  |  18|   0|   18|          0|
    |tmp4_reg_35078                   |  18|   0|   18|          0|
    |tmp50_reg_34938                  |  18|   0|   18|          0|
    |tmp52_reg_35383                  |  18|   0|   18|          0|
    |tmp54_reg_34888                  |  18|   0|   18|          0|
    |tmp55_reg_34943                  |  18|   0|   18|          0|
    |tmp56_reg_35138                  |  18|   0|   18|          0|
    |tmp58_reg_35388                  |  18|   0|   18|          0|
    |tmp5_reg_35348                   |  18|   0|   18|          0|
    |tmp60_reg_35143                  |  18|   0|   18|          0|
    |tmp61_reg_35393                  |  18|   0|   18|          0|
    |tmp63_reg_35148                  |  18|   0|   18|          0|
    |tmp65_reg_35568                  |  18|   0|   18|          0|
    |tmp65_reg_35568_pp0_iter16_reg   |  18|   0|   18|          0|
    |tmp67_reg_35523                  |  18|   0|   18|          0|
    |tmp69_reg_34948                  |  18|   0|   18|          0|
    |tmp70_reg_35153                  |  18|   0|   18|          0|
    |tmp71_reg_35398                  |  18|   0|   18|          0|
    |tmp73_reg_35403                  |  18|   0|   18|          0|
    |tmp75_reg_35158                  |  18|   0|   18|          0|
    |tmp76_reg_35408                  |  18|   0|   18|          0|
    |tmp78_reg_35163                  |  18|   0|   18|          0|
    |tmp7_reg_35083                   |  18|   0|   18|          0|
    |tmp80_reg_35528                  |  18|   0|   18|          0|
    |tmp82_reg_34953                  |  18|   0|   18|          0|
    |tmp83_reg_35168                  |  18|   0|   18|          0|
    |tmp84_reg_35413                  |  18|   0|   18|          0|
    |tmp85_reg_35173                  |  18|   0|   18|          0|
    |tmp88_reg_34958                  |  18|   0|   18|          0|
    |tmp89_reg_35178                  |  18|   0|   18|          0|
    |tmp90_reg_35418                  |  18|   0|   18|          0|
    |tmp91_reg_35183                  |  18|   0|   18|          0|
    |tmp93_reg_35533                  |  18|   0|   18|          0|
    |tmp96_reg_34963                  |  18|   0|   18|          0|
    |tmp97_reg_35188                  |  18|   0|   18|          0|
    |tmp98_reg_35423                  |  18|   0|   18|          0|
    |x_0_V_read_1_reg_34658           |  18|   0|   18|          0|
    |x_0_V_read_int_reg               |  18|   0|   18|          0|
    |x_1_V_read_1_reg_34428           |  18|   0|   18|          0|
    |x_1_V_read_int_reg               |  18|   0|   18|          0|
    |x_2_V_read_1_reg_34198           |  18|   0|   18|          0|
    |x_2_V_read_int_reg               |  18|   0|   18|          0|
    |x_3_V_read_1_reg_33968           |  18|   0|   18|          0|
    |x_3_V_read_int_reg               |  18|   0|   18|          0|
    |x_4_V_read_1_reg_33738           |  18|   0|   18|          0|
    |x_4_V_read_int_reg               |  18|   0|   18|          0|
    |x_5_V_read_1_reg_33508           |  18|   0|   18|          0|
    |x_5_V_read_int_reg               |  18|   0|   18|          0|
    |x_6_V_read_1_reg_33278           |  18|   0|   18|          0|
    |x_6_V_read_int_reg               |  18|   0|   18|          0|
    |x_7_V_read_1_reg_33048           |  18|   0|   18|          0|
    |x_7_V_read_int_reg               |  18|   0|   18|          0|
    |x_8_V_read_1_reg_32818           |  18|   0|   18|          0|
    |x_8_V_read_int_reg               |  18|   0|   18|          0|
    |x_0_V_read_1_reg_34658           |  64|  32|   18|          0|
    |x_1_V_read_1_reg_34428           |  64|  32|   18|          0|
    |x_2_V_read_1_reg_34198           |  64|  32|   18|          0|
    |x_3_V_read_1_reg_33968           |  64|  32|   18|          0|
    |x_4_V_read_1_reg_33738           |  64|  32|   18|          0|
    |x_5_V_read_1_reg_33508           |  64|  32|   18|          0|
    |x_6_V_read_1_reg_33278           |  64|  32|   18|          0|
    |x_7_V_read_1_reg_33048           |  64|  32|   18|          0|
    |x_8_V_read_1_reg_32818           |  64|  32|   18|          0|
    +---------------------------------+----+----+-----+-----------+
    |Total                            |3511| 288| 3097|          0|
    +---------------------------------+----+----+-----+-----------+



================================================================
== Interface
================================================================
* Summary: 
+------------+-----+-----+------------+---------------------+--------------+
|  RTL Ports | Dir | Bits|  Protocol  |    Source Object    |    C Type    |
+------------+-----+-----+------------+---------------------+--------------+
|ap_clk      |  in |    1| ap_ctrl_hs | decision_function.1 | return value |
|ap_rst      |  in |    1| ap_ctrl_hs | decision_function.1 | return value |
|ap_return   | out |   18| ap_ctrl_hs | decision_function.1 | return value |
|ap_ce       |  in |    1| ap_ctrl_hs | decision_function.1 | return value |
|x_0_V_read  |  in |   18|   ap_none  |      x_0_V_read     |    scalar    |
|x_1_V_read  |  in |   18|   ap_none  |      x_1_V_read     |    scalar    |
|x_2_V_read  |  in |   18|   ap_none  |      x_2_V_read     |    scalar    |
|x_3_V_read  |  in |   18|   ap_none  |      x_3_V_read     |    scalar    |
|x_4_V_read  |  in |   18|   ap_none  |      x_4_V_read     |    scalar    |
|x_5_V_read  |  in |   18|   ap_none  |      x_5_V_read     |    scalar    |
|x_6_V_read  |  in |   18|   ap_none  |      x_6_V_read     |    scalar    |
|x_7_V_read  |  in |   18|   ap_none  |      x_7_V_read     |    scalar    |
|x_8_V_read  |  in |   18|   ap_none  |      x_8_V_read     |    scalar    |
+------------+-----+-----+------------+---------------------+--------------+

